<?xml version="1.0" encoding="UTF-8"?>
<testng-results skipped="0" failed="0" ignored="0" total="1" passed="1">
  <reporter-output>
  </reporter-output>
  <suite name="Default suite" duration-ms="2170" started-at="2019-08-30T13:11:12Z" finished-at="2019-08-30T13:11:15Z">
    <groups>
    </groups>
    <test name="Default test" duration-ms="2170" started-at="2019-08-30T13:11:12Z" finished-at="2019-08-30T13:11:15Z">
      <class name="tasks.InsertJson">
        <test-method status="PASS" signature="test()[pri:0, instance:tasks.InsertJson@17d677df]" name="test" duration-ms="2140" started-at="2019-08-30T13:11:12Z" finished-at="2019-08-30T13:11:15Z">
          <reporter-output>
          </reporter-output>
        </test-method> <!-- test -->
      </class> <!-- tasks.InsertJson -->
    </test> <!-- Default test -->
  </suite> <!-- Default suite -->
</testng-results>
